app/build/intermediates/manifest_merge_blame_file/debug/manifest-merger-blame-debug-report.txt
1<?xml version="1.0" encoding="utf-8"?>
2<manifest xmlns:android="http://schemas.android.com/apk/res/android"
3    package="com.analogit.memeizm"
4    android:versionCode="1"
5    android:versionName="1.0" >
6
7    <uses-sdk
8        android:minSdkVersion="16"
8-->src\main\AndroidManifest.xml
9        android:targetSdkVersion="30" />
9-->src\main\AndroidManifest.xml
10
11    <uses-permission android:name="android.permission.INTERNET" />
11-->src\main\AndroidManifest.xml:5:5-66
11-->src\main\AndroidManifest.xml:5:22-64
12
13    <application
13-->src\main\AndroidManifest.xml:7:5-34:19
14        android:allowBackup="true"
14-->src\main\AndroidManifest.xml:8:9-35
15        android:appComponentFactory="androidx.core.app.CoreComponentFactory"
15-->[androidx.core:core:1.3.2] AndroidManifest.xml:24:18-86
16        android:debuggable="true"
17        android:icon="@mipmap/ic_launcher"
17-->src\main\AndroidManifest.xml:9:9-43
18        android:label="@string/app_name"
18-->src\main\AndroidManifest.xml:10:9-41
19        android:roundIcon="@mipmap/ic_launcher_round"
19-->src\main\AndroidManifest.xml:11:9-54
20        android:supportsRtl="true"
20-->src\main\AndroidManifest.xml:12:9-35
21        android:testOnly="true"
22        android:theme="@style/Theme.MEMEIZM"
22-->src\main\AndroidManifest.xml:14:9-45
23        android:usesCleartextTraffic="true" >
23-->src\main\AndroidManifest.xml:13:9-44
24        <provider
24-->src\main\AndroidManifest.xml:15:9-23:20
25            android:name="androidx.core.content.FileProvider"
25-->src\main\AndroidManifest.xml:16:13-62
26            android:authorities="com.analogit.memeizm.fileprovider"
26-->src\main\AndroidManifest.xml:17:13-68
27            android:exported="false"
27-->src\main\AndroidManifest.xml:18:13-37
28            android:grantUriPermissions="true" >
28-->src\main\AndroidManifest.xml:19:13-47
29            <meta-data
29-->src\main\AndroidManifest.xml:20:13-22:53
30                android:name="android.support.FILE_PROVIDER_PATHS"
30-->src\main\AndroidManifest.xml:21:17-67
31                android:resource="@xml/file_paths" />
31-->src\main\AndroidManifest.xml:22:17-51
32        </provider>
33
34        <activity android:name="com.analogit.memeizm.MainActivity" >
34-->src\main\AndroidManifest.xml:24:9-30:20
34-->src\main\AndroidManifest.xml:24:19-67
35            <intent-filter>
35-->src\main\AndroidManifest.xml:25:13-29:29
36                <action android:name="android.intent.action.MAIN" />
36-->src\main\AndroidManifest.xml:26:17-69
36-->src\main\AndroidManifest.xml:26:25-66
37
38                <category android:name="android.intent.category.LAUNCHER" />
38-->src\main\AndroidManifest.xml:28:17-77
38-->src\main\AndroidManifest.xml:28:27-74
39            </intent-filter>
40        </activity>
41
42        <meta-data
42-->src\main\AndroidManifest.xml:31:9-33:57
43            android:name="preloaded_fonts"
43-->src\main\AndroidManifest.xml:32:13-43
44            android:resource="@array/preloaded_fonts" />
44-->src\main\AndroidManifest.xml:33:13-54
45
46        <service
46-->[androidx.room:room-runtime:2.2.6] AndroidManifest.xml:25:9-28:40
47            android:name="androidx.room.MultiInstanceInvalidationService"
47-->[androidx.room:room-runtime:2.2.6] AndroidManifest.xml:26:13-74
48            android:directBootAware="true"
48-->[androidx.room:room-runtime:2.2.6] AndroidManifest.xml:27:13-43
49            android:exported="false" />
49-->[androidx.room:room-runtime:2.2.6] AndroidManifest.xml:28:13-37
50    </application>
51
52</manifest>